<?xml version="1.0" encoding="UTF-8"?>
<testsuite name="ParseCribbageHand" tests="1" skipped="0" failures="0" errors="0" timestamp="2024-11-04T12:17:53" hostname="LAPTOP-8C6TBLN5" time="0.017">
  <properties/>
  <testcase name="withStarterCardFiveOfClubs()" classname="ParseCribbageHand" time="0.017"/>
  <system-out><![CDATA[]]></system-out>
  <system-err><![CDATA[]]></system-err>
</testsuite>
