<?xml version="1.0" encoding="UTF-8"?>
<testsuite name="ParseCard" tests="4" skipped="0" failures="0" errors="0" timestamp="2024-10-26T10:07:31" hostname="LAPTOP-8C6TBLN5" time="0.025">
  <properties/>
  <testcase name="withSuitClubs()" classname="ParseCard" time="0.021"/>
  <testcase name="withSuitDiamonds()" classname="ParseCard" time="0.001"/>
  <testcase name="withSuitHearts()" classname="ParseCard" time="0.001"/>
  <testcase name="withSuitSpades()" classname="ParseCard" time="0.001"/>
  <system-out><![CDATA[]]></system-out>
  <system-err><![CDATA[]]></system-err>
</testsuite>
